2023/06/08 16:43:55 pjs.go:264: Error 1048 (23000): Column 'trainer_pj_id' cannot be null
2023/06/08 16:43:55 pjs.go:249: Error 1048 (23000): Column 'trainer_pj_id' cannot be null
2023/06/08 16:43:55 pjs.go:264: Error 1048 (23000): Column 'trainer_pj_id' cannot be null
2023/06/08 16:43:55 pjs.go:249: Error 1048 (23000): Column 'trainer_pj_id' cannot be null
2023/06/08 16:43:55 pjs.go:264: Error 1048 (23000): Column 'trainer_pj_id' cannot be null
2023/06/08 16:43:55 pjs.go:249: Error 1048 (23000): Column 'trainer_pj_id' cannot be null
2023/06/08 16:43:55 pjs.go:264: Error 1048 (23000): Column 'trainer_pj_id' cannot be null
2023/06/08 16:43:55 pjs.go:249: Error 1048 (23000): Column 'trainer_pj_id' cannot be null
2023/06/08 16:43:55 rout_main.go:170: Error 1048 (23000): Column 'trainer_pj_id' cannot be null
2023/06/08 16:44:50 pjs.go:264: Error 1048 (23000): Column 'trainer_pj_id' cannot be null
2023/06/08 16:44:50 pjs.go:249: Error 1048 (23000): Column 'trainer_pj_id' cannot be null
2023/06/08 16:44:50 pjs.go:264: Error 1048 (23000): Column 'trainer_pj_id' cannot be null
2023/06/08 16:44:50 pjs.go:249: Error 1048 (23000): Column 'trainer_pj_id' cannot be null
2023/06/08 16:44:50 pjs.go:264: Error 1048 (23000): Column 'trainer_pj_id' cannot be null
2023/06/08 16:44:50 pjs.go:249: Error 1048 (23000): Column 'trainer_pj_id' cannot be null
2023/06/08 16:44:50 pjs.go:264: Error 1048 (23000): Column 'trainer_pj_id' cannot be null
2023/06/08 16:44:50 pjs.go:249: Error 1048 (23000): Column 'trainer_pj_id' cannot be null
2023/06/08 16:44:50 rout_main.go:170: Error 1048 (23000): Column 'trainer_pj_id' cannot be null
2023/06/08 16:48:40 pjs.go:264: Error 1048 (23000): Column 'trainer_pj_id' cannot be null
2023/06/08 16:48:40 pjs.go:249: Error 1048 (23000): Column 'trainer_pj_id' cannot be null
2023/06/08 16:48:40 rout_main.go:173: Error 1048 (23000): Column 'trainer_pj_id' cannot be null
2023/06/08 16:49:26 pjs.go:265: Error 1048 (23000): Column 'trainer_pj_id' cannot be null
2023/06/08 16:49:26 pjs.go:250: Error 1048 (23000): Column 'trainer_pj_id' cannot be null
2023/06/08 16:49:26 rout_main.go:173: Error 1048 (23000): Column 'trainer_pj_id' cannot be null
2023/06/08 16:50:17 pjs.go:263: Error 1048 (23000): Column 'trainer_pj_id' cannot be null
2023/06/08 16:50:17 pjs.go:248: Error 1048 (23000): Column 'trainer_pj_id' cannot be null
2023/06/08 16:50:17 rout_main.go:173: Error 1048 (23000): Column 'trainer_pj_id' cannot be null
2023/06/08 16:50:53 pjs.go:263: Error 1048 (23000): Column 'trainer_pj_id' cannot be null
2023/06/08 16:50:53 pjs.go:248: Error 1048 (23000): Column 'trainer_pj_id' cannot be null
2023/06/08 16:51:13 pjs.go:263: Error 1048 (23000): Column 'trainee_pj_id' cannot be null
2023/06/08 16:51:13 pjs.go:248: Error 1048 (23000): Column 'trainee_pj_id' cannot be null
2023/06/08 16:51:13 pjs.go:263: Error 1048 (23000): Column 'trainer_pj_id' cannot be null
2023/06/08 16:51:13 pjs.go:248: Error 1048 (23000): Column 'trainer_pj_id' cannot be null
2023/06/08 16:51:13 rout_main.go:173: Error 1048 (23000): Column 'trainer_pj_id' cannot be null
2023/06/08 16:54:05 pjs.go:263: Error 1048 (23000): Column 'trainee_pj_id' cannot be null
2023/06/08 16:54:05 pjs.go:248: Error 1048 (23000): Column 'trainee_pj_id' cannot be null
2023/06/08 16:54:05 pjs.go:263: Error 1048 (23000): Column 'trainer_pj_id' cannot be null
2023/06/08 16:54:05 pjs.go:248: Error 1048 (23000): Column 'trainer_pj_id' cannot be null
2023/06/08 16:54:05 rout_main.go:173: Error 1048 (23000): Column 'trainer_pj_id' cannot be null
2023/06/08 16:55:35 pjs.go:266: Error 1048 (23000): Column 'trainer_pj_id' cannot be null
2023/06/08 16:55:35 pjs.go:251: Error 1048 (23000): Column 'trainer_pj_id' cannot be null
2023/06/08 16:55:35 pjs.go:266: Error 1048 (23000): Column 'trainee_pj_id' cannot be null
2023/06/08 16:55:35 pjs.go:251: Error 1048 (23000): Column 'trainee_pj_id' cannot be null
2023/06/08 16:55:35 rout_main.go:173: Error 1048 (23000): Column 'trainee_pj_id' cannot be null
2023/06/08 16:58:39 pjs.go:266: Error 1048 (23000): Column 'trainer_pj_id' cannot be null
2023/06/08 16:58:39 pjs.go:251: Error 1048 (23000): Column 'trainer_pj_id' cannot be null
2023/06/08 17:00:36 pjs.go:266: Error 1048 (23000): Column 'trainer_pj_id' cannot be null
2023/06/08 17:00:36 pjs.go:251: Error 1048 (23000): Column 'trainer_pj_id' cannot be null
2023/06/08 17:00:46 pjs.go:266: Error 1048 (23000): Column 'trainer_pj_id' cannot be null
2023/06/08 17:00:46 pjs.go:251: Error 1048 (23000): Column 'trainer_pj_id' cannot be null
2023/06/08 17:08:07 pjs.go:266: sql: expected 2 arguments, got 3
2023/06/08 17:08:07 pjs.go:251: sql: expected 2 arguments, got 3
2023/06/08 17:08:07 pjs.go:266: sql: expected 2 arguments, got 3
2023/06/08 17:08:07 pjs.go:251: sql: expected 2 arguments, got 3
2023/06/08 17:08:07 rout_main.go:173: sql: expected 2 arguments, got 3
